<?xml version="1.0" encoding="UTF-8"?>
<!-- Generated by org.testng.reporters.JUnitReportReporter -->
<testsuite hostname="AJAYKEDARISETTY" failures="0" tests="1" name="com.bookmyshow.test.BookMyShowNavigation" time="11.715" errors="0" timestamp="2023-05-08T01:29:55 IST" skipped="0">
  <testcase classname="com.bookmyshow.test.BookMyShowNavigation" name="bookMyShowPageNavigation" time="11.715"/>
  <system-out>
    <![CDATA[Clicked On Hyderabad Location]]>
  </system-out>
</testsuite> <!-- com.bookmyshow.test.BookMyShowNavigation -->
